###############################################################################
#
# IAR ANSI C/C++ Compiler V8.50.1.245/W32 for ARM         14/May/2020  16:50:58
# Copyright 1999-2020 IAR Systems AB.
#
#    Cpu mode             
#    Endian            =  little
#    Source file       =
#        C:\Users\81901\Desktop\job\es920lr\SDK\src\Application\KL16_SMAC_MQXLite\drv\Portable\Flash\Source\flash_RamFunc.c
#    Command line      =
#        -f C:\Users\81901\AppData\Local\Temp\EW520A.tmp
#        (C:\Users\81901\Desktop\job\es920lr\SDK\src\Application\KL16_SMAC_MQXLite\drv\Portable\Flash\Source\flash_RamFunc.c
#        --preprocess=s
#        "C:\Users\81901\Desktop\job\es920lr\SDK\src\Application\KL16_SMAC_MQXLite\app\kl16z128_eslora
#        MQXLite\List" -lcN
#        "C:\Users\81901\Desktop\job\es920lr\SDK\src\Application\KL16_SMAC_MQXLite\app\kl16z128_eslora
#        MQXLite\List" -o
#        "C:\Users\81901\Desktop\job\es920lr\SDK\src\Application\KL16_SMAC_MQXLite\app\kl16z128_eslora
#        MQXLite\Obj" --no_cse --no_unroll --no_inline --no_code_motion
#        --no_tbaa --no_clustering --no_scheduling --debug --endian=little
#        --cpu=Cortex-M0+ -e --fpu=None --dlib_config "C:\Program Files
#        (x86)\IAR Systems\Embedded Workbench
#        8.4\arm\inc\c\DLib_Config_Normal.h" -I
#        C:\Users\81901\Desktop\job\es920lr\SDK\src\Application\KL16_SMAC_MQXLite\app\Interface\
#        -I
#        C:\Users\81901\Desktop\job\es920lr\SDK\src\Application\KL16_SMAC_MQXLite\app\Sources\
#        -I
#        C:\Users\81901\Desktop\job\es920lr\SDK\src\Application\KL16_SMAC_MQXLite\app\..\MQXLITE\include\
#        -I
#        C:\Users\81901\Desktop\job\es920lr\SDK\src\Application\KL16_SMAC_MQXLite\app\..\MQXLITE\config\
#        -I
#        C:\Users\81901\Desktop\job\es920lr\SDK\src\Application\KL16_SMAC_MQXLite\app\..\MQXLITE\psp\cortex_m\
#        -I
#        C:\Users\81901\Desktop\job\es920lr\SDK\src\Application\KL16_SMAC_MQXLite\app\..\MQXLITE\psp\cortex_m\compiler\iar\
#        -I
#        C:\Users\81901\Desktop\job\es920lr\SDK\src\Application\KL16_SMAC_MQXLite\app\..\drv\Generated_Code\
#        -I
#        C:\Users\81901\Desktop\job\es920lr\SDK\src\Application\KL16_SMAC_MQXLite\app\..\drv\PExSupport\Kinetis\
#        -I
#        C:\Users\81901\Desktop\job\es920lr\SDK\src\Application\KL16_SMAC_MQXLite\app\..\framework\OSAbstraction\MQXLite\Interface\
#        -I
#        C:\Users\81901\Desktop\job\es920lr\SDK\src\Application\KL16_SMAC_MQXLite\app\..\framework\RNG\Interface\
#        -I
#        C:\Users\81901\Desktop\job\es920lr\SDK\src\Application\KL16_SMAC_MQXLite\app\..\framework\Common\
#        -I
#        C:\Users\81901\Desktop\job\es920lr\SDK\src\Application\KL16_SMAC_MQXLite\app\..\framework\Utils\Lists\
#        -I
#        C:\Users\81901\Desktop\job\es920lr\SDK\src\Application\KL16_SMAC_MQXLite\app\..\framework\Utils\FunctionLib\
#        -I
#        C:\Users\81901\Desktop\job\es920lr\SDK\src\Application\KL16_SMAC_MQXLite\app\..\framework\Utils\SecLib\
#        -I
#        C:\Users\81901\Desktop\job\es920lr\SDK\src\Application\KL16_SMAC_MQXLite\app\..\framework\FSCI\Interface\
#        -I
#        C:\Users\81901\Desktop\job\es920lr\SDK\src\Application\KL16_SMAC_MQXLite\app\..\framework\FSCI\Source\
#        -I
#        C:\Users\81901\Desktop\job\es920lr\SDK\src\Application\KL16_SMAC_MQXLite\app\..\framework\Panic\Interface\
#        -I
#        C:\Users\81901\Desktop\job\es920lr\SDK\src\Application\KL16_SMAC_MQXLite\app\..\framework\SerialManager\Interface\
#        -I
#        C:\Users\81901\Desktop\job\es920lr\SDK\src\Application\KL16_SMAC_MQXLite\app\..\framework\MemManager\Interface\
#        -I
#        C:\Users\81901\Desktop\job\es920lr\SDK\src\Application\KL16_SMAC_MQXLite\app\..\framework\TimersManager\Interface\
#        -I
#        C:\Users\81901\Desktop\job\es920lr\SDK\src\Application\KL16_SMAC_MQXLite\app\..\framework\TimersManager\Source\
#        -I
#        C:\Users\81901\Desktop\job\es920lr\SDK\src\Application\KL16_SMAC_MQXLite\app\..\framework\Messaging\Interface\
#        -I
#        C:\Users\81901\Desktop\job\es920lr\SDK\src\Application\KL16_SMAC_MQXLite\app\..\framework\RNG\Interface\
#        -I
#        C:\Users\81901\Desktop\job\es920lr\SDK\src\Application\KL16_SMAC_MQXLite\app\..\framework\RNG\Source\
#        -I
#        C:\Users\81901\Desktop\job\es920lr\SDK\src\Application\KL16_SMAC_MQXLite\app\..\ieee_802_15_4\Phy\Interface\
#        -I
#        C:\Users\81901\Desktop\job\es920lr\SDK\src\Application\KL16_SMAC_MQXLite\app\..\ieee_802_15_4\SMAC\Interface\
#        -I
#        C:\Users\81901\Desktop\job\es920lr\SDK\src\Application\KL16_SMAC_MQXLite\app\..\drv\Portable\ADC\Interface\
#        -I
#        C:\Users\81901\Desktop\job\es920lr\SDK\src\Application\KL16_SMAC_MQXLite\app\..\drv\Portable\BME\Interface\
#        -I
#        C:\Users\81901\Desktop\job\es920lr\SDK\src\Application\KL16_SMAC_MQXLite\app\..\drv\Portable\Flash\Interface\
#        -I
#        C:\Users\81901\Desktop\job\es920lr\SDK\src\Application\KL16_SMAC_MQXLite\app\..\drv\Portable\I2C\Interface\
#        -I
#        C:\Users\81901\Desktop\job\es920lr\SDK\src\Application\KL16_SMAC_MQXLite\app\..\drv\Portable\LED\Interface\
#        -I
#        C:\Users\81901\Desktop\job\es920lr\SDK\src\Application\KL16_SMAC_MQXLite\app\..\drv\Portable\LLWU\Interface\
#        -I
#        C:\Users\81901\Desktop\job\es920lr\SDK\src\Application\KL16_SMAC_MQXLite\app\..\drv\Portable\LPTMR\Interface\
#        -I
#        C:\Users\81901\Desktop\job\es920lr\SDK\src\Application\KL16_SMAC_MQXLite\app\..\drv\Portable\SMC\Interface\
#        -I
#        C:\Users\81901\Desktop\job\es920lr\SDK\src\Application\KL16_SMAC_MQXLite\app\..\drv\Portable\MCG\Interface\
#        -I
#        C:\Users\81901\Desktop\job\es920lr\SDK\src\Application\KL16_SMAC_MQXLite\app\..\drv\Portable\Reset\
#        -On)
#    Locale            =  C
#    List file         =
#        C:\Users\81901\Desktop\job\es920lr\SDK\src\Application\KL16_SMAC_MQXLite\app\kl16z128_eslora
#        MQXLite\List\flash_RamFunc.lst
#    Object file       =
#        C:\Users\81901\Desktop\job\es920lr\SDK\src\Application\KL16_SMAC_MQXLite\app\kl16z128_eslora
#        MQXLite\Obj\flash_RamFunc.o
#    Runtime model:       
#      __SystemLibrary =  DLib
#      __dlib_version  =  6
#
###############################################################################

C:\Users\81901\Desktop\job\es920lr\SDK\src\Application\KL16_SMAC_MQXLite\drv\Portable\Flash\Source\flash_RamFunc.c
      1          /*****************************************************************************
      2          * flash_RamFunc file.
      3          *
      4          * (c) Copyright 2016, EASEL, Inc.  All rights reserved.
      5          *
      6          * No part of this document may be reproduced in any form - including copied,
      7          * transcribed, printed or by any electronic means - without specific written
      8          * permission from EASEL.
      9          *
     10          *****************************************************************************/
     11          
     12          #include "flash.h"
     13          
     14          extern FCC0B_STR CommandObj;
     15          
     16          /*****************************************************************************
     17          * Function for executing of the flash command
     18          *
     19          *****************************************************************************/
     20          uint32_t FLASH_FlashCommandSequenceStart( uint8_t index )
     21          {
     22              uint8_t* ptrFccobReg   = (uint8_t*)&FTFA_FCCOB3;
     23              uint8_t* ptrCommandObj = (uint8_t*)&CommandObj;
     24          
     25              /* wait till CCIF bit is set */
     26              while( !(FTFA_FSTAT & FTFA_FSTAT_CCIF_MASK) );
     27          
     28              /* clear RDCOLERR & ACCERR & FPVIOL flag in flash status register */
     29              FTFA_FSTAT = FTFA_FSTAT_ACCERR_MASK | FTFA_FSTAT_FPVIOL_MASK | FTFA_FSTAT_RDCOLERR_MASK;
     30          
     31              /* load FCCOB registers */
     32              while( index-- )
     33              {
     34                  *ptrFccobReg++ = *ptrCommandObj++;
     35              }
     36          
     37              /* launch a command */
     38              FTFA_FSTAT |= FTFA_FSTAT_CCIF_MASK;
     39          
     40              /* waiting for the finishing of the command */
     41              while( !(FTFA_FSTAT & FTFA_FSTAT_CCIF_MASK) );
     42          
     43              /* Check error bits */
     44              /* Get flash status register value */
     45              return( FTFA_FSTAT & (FTFA_FSTAT_ACCERR_MASK | FTFA_FSTAT_FPVIOL_MASK | FTFA_FSTAT_MGSTAT0_MASK) );
     46          }

   Maximum stack usage in bytes:

   .cstack Function
   ------- --------
      12   FLASH_FlashCommandSequenceStart


   Section sizes:

   Bytes  Function/Label
   -----  --------------
      76  FLASH_FlashCommandSequenceStart

 
 76 bytes in section .text
 
 76 bytes of CODE memory

Errors: none
Warnings: none
