###############################################################################
#
# IAR ANSI C/C++ Compiler V8.50.1.245/W32 for ARM         14/May/2020  16:50:59
# Copyright 1999-2020 IAR Systems AB.
#
#    Cpu mode             
#    Endian            =  little
#    Source file       =
#        C:\Users\81901\Desktop\job\es920lr\SDK\src\Application\KL16_SMAC_MQXLite\MQXLITE\psp\cortex_m\int_pvta.c
#    Command line      =
#        -f C:\Users\81901\AppData\Local\Temp\EW5446.tmp
#        (C:\Users\81901\Desktop\job\es920lr\SDK\src\Application\KL16_SMAC_MQXLite\MQXLITE\psp\cortex_m\int_pvta.c
#        --preprocess=s
#        "C:\Users\81901\Desktop\job\es920lr\SDK\src\Application\KL16_SMAC_MQXLite\app\kl16z128_eslora
#        MQXLite\List" -lcN
#        "C:\Users\81901\Desktop\job\es920lr\SDK\src\Application\KL16_SMAC_MQXLite\app\kl16z128_eslora
#        MQXLite\List" -o
#        "C:\Users\81901\Desktop\job\es920lr\SDK\src\Application\KL16_SMAC_MQXLite\app\kl16z128_eslora
#        MQXLite\Obj" --no_cse --no_unroll --no_inline --no_code_motion
#        --no_tbaa --no_clustering --no_scheduling --debug --endian=little
#        --cpu=Cortex-M0+ -e --fpu=None --dlib_config "C:\Program Files
#        (x86)\IAR Systems\Embedded Workbench
#        8.4\arm\inc\c\DLib_Config_Normal.h" -I
#        C:\Users\81901\Desktop\job\es920lr\SDK\src\Application\KL16_SMAC_MQXLite\app\Interface\
#        -I
#        C:\Users\81901\Desktop\job\es920lr\SDK\src\Application\KL16_SMAC_MQXLite\app\Sources\
#        -I
#        C:\Users\81901\Desktop\job\es920lr\SDK\src\Application\KL16_SMAC_MQXLite\app\..\MQXLITE\include\
#        -I
#        C:\Users\81901\Desktop\job\es920lr\SDK\src\Application\KL16_SMAC_MQXLite\app\..\MQXLITE\config\
#        -I
#        C:\Users\81901\Desktop\job\es920lr\SDK\src\Application\KL16_SMAC_MQXLite\app\..\MQXLITE\psp\cortex_m\
#        -I
#        C:\Users\81901\Desktop\job\es920lr\SDK\src\Application\KL16_SMAC_MQXLite\app\..\MQXLITE\psp\cortex_m\compiler\iar\
#        -I
#        C:\Users\81901\Desktop\job\es920lr\SDK\src\Application\KL16_SMAC_MQXLite\app\..\drv\Generated_Code\
#        -I
#        C:\Users\81901\Desktop\job\es920lr\SDK\src\Application\KL16_SMAC_MQXLite\app\..\drv\PExSupport\Kinetis\
#        -I
#        C:\Users\81901\Desktop\job\es920lr\SDK\src\Application\KL16_SMAC_MQXLite\app\..\framework\OSAbstraction\MQXLite\Interface\
#        -I
#        C:\Users\81901\Desktop\job\es920lr\SDK\src\Application\KL16_SMAC_MQXLite\app\..\framework\RNG\Interface\
#        -I
#        C:\Users\81901\Desktop\job\es920lr\SDK\src\Application\KL16_SMAC_MQXLite\app\..\framework\Common\
#        -I
#        C:\Users\81901\Desktop\job\es920lr\SDK\src\Application\KL16_SMAC_MQXLite\app\..\framework\Utils\Lists\
#        -I
#        C:\Users\81901\Desktop\job\es920lr\SDK\src\Application\KL16_SMAC_MQXLite\app\..\framework\Utils\FunctionLib\
#        -I
#        C:\Users\81901\Desktop\job\es920lr\SDK\src\Application\KL16_SMAC_MQXLite\app\..\framework\Utils\SecLib\
#        -I
#        C:\Users\81901\Desktop\job\es920lr\SDK\src\Application\KL16_SMAC_MQXLite\app\..\framework\FSCI\Interface\
#        -I
#        C:\Users\81901\Desktop\job\es920lr\SDK\src\Application\KL16_SMAC_MQXLite\app\..\framework\FSCI\Source\
#        -I
#        C:\Users\81901\Desktop\job\es920lr\SDK\src\Application\KL16_SMAC_MQXLite\app\..\framework\Panic\Interface\
#        -I
#        C:\Users\81901\Desktop\job\es920lr\SDK\src\Application\KL16_SMAC_MQXLite\app\..\framework\SerialManager\Interface\
#        -I
#        C:\Users\81901\Desktop\job\es920lr\SDK\src\Application\KL16_SMAC_MQXLite\app\..\framework\MemManager\Interface\
#        -I
#        C:\Users\81901\Desktop\job\es920lr\SDK\src\Application\KL16_SMAC_MQXLite\app\..\framework\TimersManager\Interface\
#        -I
#        C:\Users\81901\Desktop\job\es920lr\SDK\src\Application\KL16_SMAC_MQXLite\app\..\framework\TimersManager\Source\
#        -I
#        C:\Users\81901\Desktop\job\es920lr\SDK\src\Application\KL16_SMAC_MQXLite\app\..\framework\Messaging\Interface\
#        -I
#        C:\Users\81901\Desktop\job\es920lr\SDK\src\Application\KL16_SMAC_MQXLite\app\..\framework\RNG\Interface\
#        -I
#        C:\Users\81901\Desktop\job\es920lr\SDK\src\Application\KL16_SMAC_MQXLite\app\..\framework\RNG\Source\
#        -I
#        C:\Users\81901\Desktop\job\es920lr\SDK\src\Application\KL16_SMAC_MQXLite\app\..\ieee_802_15_4\Phy\Interface\
#        -I
#        C:\Users\81901\Desktop\job\es920lr\SDK\src\Application\KL16_SMAC_MQXLite\app\..\ieee_802_15_4\SMAC\Interface\
#        -I
#        C:\Users\81901\Desktop\job\es920lr\SDK\src\Application\KL16_SMAC_MQXLite\app\..\drv\Portable\ADC\Interface\
#        -I
#        C:\Users\81901\Desktop\job\es920lr\SDK\src\Application\KL16_SMAC_MQXLite\app\..\drv\Portable\BME\Interface\
#        -I
#        C:\Users\81901\Desktop\job\es920lr\SDK\src\Application\KL16_SMAC_MQXLite\app\..\drv\Portable\Flash\Interface\
#        -I
#        C:\Users\81901\Desktop\job\es920lr\SDK\src\Application\KL16_SMAC_MQXLite\app\..\drv\Portable\I2C\Interface\
#        -I
#        C:\Users\81901\Desktop\job\es920lr\SDK\src\Application\KL16_SMAC_MQXLite\app\..\drv\Portable\LED\Interface\
#        -I
#        C:\Users\81901\Desktop\job\es920lr\SDK\src\Application\KL16_SMAC_MQXLite\app\..\drv\Portable\LLWU\Interface\
#        -I
#        C:\Users\81901\Desktop\job\es920lr\SDK\src\Application\KL16_SMAC_MQXLite\app\..\drv\Portable\LPTMR\Interface\
#        -I
#        C:\Users\81901\Desktop\job\es920lr\SDK\src\Application\KL16_SMAC_MQXLite\app\..\drv\Portable\SMC\Interface\
#        -I
#        C:\Users\81901\Desktop\job\es920lr\SDK\src\Application\KL16_SMAC_MQXLite\app\..\drv\Portable\MCG\Interface\
#        -I
#        C:\Users\81901\Desktop\job\es920lr\SDK\src\Application\KL16_SMAC_MQXLite\app\..\drv\Portable\Reset\
#        -On)
#    Locale            =  C
#    List file         =
#        C:\Users\81901\Desktop\job\es920lr\SDK\src\Application\KL16_SMAC_MQXLite\app\kl16z128_eslora
#        MQXLite\List\int_pvta.lst
#    Object file       =
#        C:\Users\81901\Desktop\job\es920lr\SDK\src\Application\KL16_SMAC_MQXLite\app\kl16z128_eslora
#        MQXLite\Obj\int_pvta.o
#    Runtime model:       
#      __SystemLibrary =  DLib
#      __dlib_version  =  6
#
###############################################################################

C:\Users\81901\Desktop\job\es920lr\SDK\src\Application\KL16_SMAC_MQXLite\MQXLITE\psp\cortex_m\int_pvta.c
      1          /*HEADER*********************************************************************
      2          *
      3          * Copyright (c) 2010 Freescale Semiconductor;
      4          * All Rights Reserved
      5          *
      6          ***************************************************************************
      7          *
      8          * THIS SOFTWARE IS PROVIDED BY FREESCALE "AS IS" AND ANY EXPRESSED OR
      9          * IMPLIED WARRANTIES, INCLUDING, BUT NOT LIMITED TO, THE IMPLIED WARRANTIES
     10          * OF MERCHANTABILITY AND FITNESS FOR A PARTICULAR PURPOSE ARE DISCLAIMED.
     11          * IN NO EVENT SHALL FREESCALE OR ITS CONTRIBUTORS BE LIABLE FOR ANY DIRECT,
     12          * INDIRECT, INCIDENTAL, SPECIAL, EXEMPLARY, OR CONSEQUENTIAL DAMAGES
     13          * (INCLUDING, BUT NOT LIMITED TO, PROCUREMENT OF SUBSTITUTE GOODS OR
     14          * SERVICES; LOSS OF USE, DATA, OR PROFITS; OR BUSINESS INTERRUPTION)
     15          * HOWEVER CAUSED AND ON ANY THEORY OF LIABILITY, WHETHER IN CONTRACT,
     16          * STRICT LIABILITY, OR TORT (INCLUDING NEGLIGENCE OR OTHERWISE) ARISING
     17          * IN ANY WAY OUT OF THE USE OF THIS SOFTWARE, EVEN IF ADVISED OF
     18          * THE POSSIBILITY OF SUCH DAMAGE.
     19          *
     20          **************************************************************************
     21          *
     22          * $FileName: int_pvta.c$
     23          * $Version : 3.7.3.0$
     24          * $Date    : Feb-7-2011$
     25          *
     26          * Comments:
     27          *
     28          *   This file contains the function for returning the previous vector
     29          *   table field in the kernel data structure.
     30          *
     31          *END************************************************************************/
     32          
     33          
     34          #include "mqx_inc.h"
     35          
     36          #if MQX_EXIT_ENABLED && MQX_USE_INTERRUPTS
     37          /*!
     38           * \brief Gets the address of the interrupt vector table that MQX might have
     39           * created when it started.
     40           *
     41           * The function is useful if you are installing third-party debuggers or monitors.
     42           *
     43           * \return Address of the interrupt vector table that MQX creates when it starts.
     44           *
     45           * \see _int_get_vector_table
     46           * \see _int_set_vector_table
     47           */
     48          _psp_code_addr _int_get_previous_vector_table
     49             (
     50                void
     51             )
     52          { /* Body */
     53             register KERNEL_DATA_STRUCT_PTR  kernel_data;
     54          
     55             _GET_KERNEL_DATA(kernel_data);
     56             return( (_psp_code_addr)kernel_data->USERS_VBR );
     57          
     58          } /* Endbody */
     59          #endif
     60          
     61          /* EOF */

   Maximum stack usage in bytes:

   .cstack Function
   ------- --------
       0   _int_get_previous_vector_table


   Section sizes:

   Bytes  Function/Label
   -----  --------------
      16  _int_get_previous_vector_table

 
 16 bytes in section .text
 
 16 bytes of CODE memory

Errors: none
Warnings: none
