###############################################################################
#
# IAR ANSI C/C++ Compiler V8.50.1.245/W32 for ARM         14/May/2020  16:50:58
# Copyright 1999-2020 IAR Systems AB.
#
#    Cpu mode             
#    Endian            =  little
#    Source file       =
#        C:\Users\81901\Desktop\job\es920lr\SDK\src\Application\KL16_SMAC_MQXLite\MQXLITE\psp\cortex_m\int_gkis.c
#    Command line      =
#        -f C:\Users\81901\AppData\Local\Temp\EW52EB.tmp
#        (C:\Users\81901\Desktop\job\es920lr\SDK\src\Application\KL16_SMAC_MQXLite\MQXLITE\psp\cortex_m\int_gkis.c
#        --preprocess=s
#        "C:\Users\81901\Desktop\job\es920lr\SDK\src\Application\KL16_SMAC_MQXLite\app\kl16z128_eslora
#        MQXLite\List" -lcN
#        "C:\Users\81901\Desktop\job\es920lr\SDK\src\Application\KL16_SMAC_MQXLite\app\kl16z128_eslora
#        MQXLite\List" -o
#        "C:\Users\81901\Desktop\job\es920lr\SDK\src\Application\KL16_SMAC_MQXLite\app\kl16z128_eslora
#        MQXLite\Obj" --no_cse --no_unroll --no_inline --no_code_motion
#        --no_tbaa --no_clustering --no_scheduling --debug --endian=little
#        --cpu=Cortex-M0+ -e --fpu=None --dlib_config "C:\Program Files
#        (x86)\IAR Systems\Embedded Workbench
#        8.4\arm\inc\c\DLib_Config_Normal.h" -I
#        C:\Users\81901\Desktop\job\es920lr\SDK\src\Application\KL16_SMAC_MQXLite\app\Interface\
#        -I
#        C:\Users\81901\Desktop\job\es920lr\SDK\src\Application\KL16_SMAC_MQXLite\app\Sources\
#        -I
#        C:\Users\81901\Desktop\job\es920lr\SDK\src\Application\KL16_SMAC_MQXLite\app\..\MQXLITE\include\
#        -I
#        C:\Users\81901\Desktop\job\es920lr\SDK\src\Application\KL16_SMAC_MQXLite\app\..\MQXLITE\config\
#        -I
#        C:\Users\81901\Desktop\job\es920lr\SDK\src\Application\KL16_SMAC_MQXLite\app\..\MQXLITE\psp\cortex_m\
#        -I
#        C:\Users\81901\Desktop\job\es920lr\SDK\src\Application\KL16_SMAC_MQXLite\app\..\MQXLITE\psp\cortex_m\compiler\iar\
#        -I
#        C:\Users\81901\Desktop\job\es920lr\SDK\src\Application\KL16_SMAC_MQXLite\app\..\drv\Generated_Code\
#        -I
#        C:\Users\81901\Desktop\job\es920lr\SDK\src\Application\KL16_SMAC_MQXLite\app\..\drv\PExSupport\Kinetis\
#        -I
#        C:\Users\81901\Desktop\job\es920lr\SDK\src\Application\KL16_SMAC_MQXLite\app\..\framework\OSAbstraction\MQXLite\Interface\
#        -I
#        C:\Users\81901\Desktop\job\es920lr\SDK\src\Application\KL16_SMAC_MQXLite\app\..\framework\RNG\Interface\
#        -I
#        C:\Users\81901\Desktop\job\es920lr\SDK\src\Application\KL16_SMAC_MQXLite\app\..\framework\Common\
#        -I
#        C:\Users\81901\Desktop\job\es920lr\SDK\src\Application\KL16_SMAC_MQXLite\app\..\framework\Utils\Lists\
#        -I
#        C:\Users\81901\Desktop\job\es920lr\SDK\src\Application\KL16_SMAC_MQXLite\app\..\framework\Utils\FunctionLib\
#        -I
#        C:\Users\81901\Desktop\job\es920lr\SDK\src\Application\KL16_SMAC_MQXLite\app\..\framework\Utils\SecLib\
#        -I
#        C:\Users\81901\Desktop\job\es920lr\SDK\src\Application\KL16_SMAC_MQXLite\app\..\framework\FSCI\Interface\
#        -I
#        C:\Users\81901\Desktop\job\es920lr\SDK\src\Application\KL16_SMAC_MQXLite\app\..\framework\FSCI\Source\
#        -I
#        C:\Users\81901\Desktop\job\es920lr\SDK\src\Application\KL16_SMAC_MQXLite\app\..\framework\Panic\Interface\
#        -I
#        C:\Users\81901\Desktop\job\es920lr\SDK\src\Application\KL16_SMAC_MQXLite\app\..\framework\SerialManager\Interface\
#        -I
#        C:\Users\81901\Desktop\job\es920lr\SDK\src\Application\KL16_SMAC_MQXLite\app\..\framework\MemManager\Interface\
#        -I
#        C:\Users\81901\Desktop\job\es920lr\SDK\src\Application\KL16_SMAC_MQXLite\app\..\framework\TimersManager\Interface\
#        -I
#        C:\Users\81901\Desktop\job\es920lr\SDK\src\Application\KL16_SMAC_MQXLite\app\..\framework\TimersManager\Source\
#        -I
#        C:\Users\81901\Desktop\job\es920lr\SDK\src\Application\KL16_SMAC_MQXLite\app\..\framework\Messaging\Interface\
#        -I
#        C:\Users\81901\Desktop\job\es920lr\SDK\src\Application\KL16_SMAC_MQXLite\app\..\framework\RNG\Interface\
#        -I
#        C:\Users\81901\Desktop\job\es920lr\SDK\src\Application\KL16_SMAC_MQXLite\app\..\framework\RNG\Source\
#        -I
#        C:\Users\81901\Desktop\job\es920lr\SDK\src\Application\KL16_SMAC_MQXLite\app\..\ieee_802_15_4\Phy\Interface\
#        -I
#        C:\Users\81901\Desktop\job\es920lr\SDK\src\Application\KL16_SMAC_MQXLite\app\..\ieee_802_15_4\SMAC\Interface\
#        -I
#        C:\Users\81901\Desktop\job\es920lr\SDK\src\Application\KL16_SMAC_MQXLite\app\..\drv\Portable\ADC\Interface\
#        -I
#        C:\Users\81901\Desktop\job\es920lr\SDK\src\Application\KL16_SMAC_MQXLite\app\..\drv\Portable\BME\Interface\
#        -I
#        C:\Users\81901\Desktop\job\es920lr\SDK\src\Application\KL16_SMAC_MQXLite\app\..\drv\Portable\Flash\Interface\
#        -I
#        C:\Users\81901\Desktop\job\es920lr\SDK\src\Application\KL16_SMAC_MQXLite\app\..\drv\Portable\I2C\Interface\
#        -I
#        C:\Users\81901\Desktop\job\es920lr\SDK\src\Application\KL16_SMAC_MQXLite\app\..\drv\Portable\LED\Interface\
#        -I
#        C:\Users\81901\Desktop\job\es920lr\SDK\src\Application\KL16_SMAC_MQXLite\app\..\drv\Portable\LLWU\Interface\
#        -I
#        C:\Users\81901\Desktop\job\es920lr\SDK\src\Application\KL16_SMAC_MQXLite\app\..\drv\Portable\LPTMR\Interface\
#        -I
#        C:\Users\81901\Desktop\job\es920lr\SDK\src\Application\KL16_SMAC_MQXLite\app\..\drv\Portable\SMC\Interface\
#        -I
#        C:\Users\81901\Desktop\job\es920lr\SDK\src\Application\KL16_SMAC_MQXLite\app\..\drv\Portable\MCG\Interface\
#        -I
#        C:\Users\81901\Desktop\job\es920lr\SDK\src\Application\KL16_SMAC_MQXLite\app\..\drv\Portable\Reset\
#        -On)
#    Locale            =  C
#    List file         =
#        C:\Users\81901\Desktop\job\es920lr\SDK\src\Application\KL16_SMAC_MQXLite\app\kl16z128_eslora
#        MQXLite\List\int_gkis.lst
#    Object file       =
#        C:\Users\81901\Desktop\job\es920lr\SDK\src\Application\KL16_SMAC_MQXLite\app\kl16z128_eslora
#        MQXLite\Obj\int_gkis.o
#    Runtime model:       
#      __SystemLibrary =  DLib
#      __dlib_version  =  6
#
###############################################################################

C:\Users\81901\Desktop\job\es920lr\SDK\src\Application\KL16_SMAC_MQXLite\MQXLITE\psp\cortex_m\int_gkis.c
      1          /*HEADER*********************************************************************
      2          *
      3          * Copyright (c) 2010 Freescale Semiconductor;
      4          * All Rights Reserved
      5          *
      6          ***************************************************************************
      7          *
      8          * THIS SOFTWARE IS PROVIDED BY FREESCALE "AS IS" AND ANY EXPRESSED OR
      9          * IMPLIED WARRANTIES, INCLUDING, BUT NOT LIMITED TO, THE IMPLIED WARRANTIES
     10          * OF MERCHANTABILITY AND FITNESS FOR A PARTICULAR PURPOSE ARE DISCLAIMED.
     11          * IN NO EVENT SHALL FREESCALE OR ITS CONTRIBUTORS BE LIABLE FOR ANY DIRECT,
     12          * INDIRECT, INCIDENTAL, SPECIAL, EXEMPLARY, OR CONSEQUENTIAL DAMAGES
     13          * (INCLUDING, BUT NOT LIMITED TO, PROCUREMENT OF SUBSTITUTE GOODS OR
     14          * SERVICES; LOSS OF USE, DATA, OR PROFITS; OR BUSINESS INTERRUPTION)
     15          * HOWEVER CAUSED AND ON ANY THEORY OF LIABILITY, WHETHER IN CONTRACT,
     16          * STRICT LIABILITY, OR TORT (INCLUDING NEGLIGENCE OR OTHERWISE) ARISING
     17          * IN ANY WAY OUT OF THE USE OF THIS SOFTWARE, EVEN IF ADVISED OF
     18          * THE POSSIBILITY OF SUCH DAMAGE.
     19          *
     20          **************************************************************************
     21          *
     22          * $FileName: int_gkis.c$
     23          * $Version : 3.8.4.0$
     24          * $Date    : Aug-30-2011$
     25          *
     26          * Comments:
     27          *
     28          *   This file contains the functions for returning the kernel isr for an interrupt.
     29          *
     30          *END************************************************************************/
     31          
     32          #include "mqx_inc.h"
     33          
     34          extern uint_32 __ICFEDIT_region_ROM_start__;
     35          extern uint_32 __ICFEDIT_region_RAM_start__;
     36          /*!
     37           * \brief Gets a pointer to the kernel ISR for the specified vector number. The
     38           * kernel ISR depends on the PSP.
     39           *
     40           * \param[in] vector Vector number whose kernel ISR is requested.
     41           *
     42           * \return Pointer to the kernel ISR (Success.)
     43           * \return NULL
     44           *
     45           * \warning On failure, calls _task_set_error() to set the task error code.
     46           *
     47           * \see _int_kernel_isr
     48           * \see _int_install_kernel_isr
     49           */
     50          INT_KERNEL_ISR_FPTR _int_get_kernel_isr
     51          (
     52              /* [IN] the vector number whose kernel ISR is wanted */
     53              uint_32 vector
     54          
     55          )
     56          { /* Body */
     57             uint_32     vtor = _PSP_GET_VTOR(); //value of Vector Table Offset Register
     58          
     59          #if MQX_CHECK_ERRORS
     60             if ( vector >= PSP_MAXIMUM_INTERRUPT_VECTORS ) {
     61                _task_set_error(MQX_INVALID_VECTORED_INTERRUPT);
     62                return NULL;
     63             } /* Endif */
     64          #endif
     65          
     66             /* Note that VTOR bit indicating SRAM / ROM location is just a SRAM / ROM
     67             ** base address within Cortex memory map
     68             */
     69             return (INT_KERNEL_ISR_FPTR) (vtor + 4 * vector);
     70          
     71          } /* Endbody */
     72          
     73          /* EOF */

   Maximum stack usage in bytes:

   .cstack Function
   ------- --------
      16   _int_get_kernel_isr
        16   -> _task_set_error


   Section sizes:

   Bytes  Function/Label
   -----  --------------
      36  _int_get_kernel_isr

 
 36 bytes in section .text
 
 36 bytes of CODE memory

Errors: none
Warnings: none
