###############################################################################
#
# IAR ANSI C/C++ Compiler V8.50.1.245/W32 for ARM         14/May/2020  16:51:01
# Copyright 1999-2020 IAR Systems AB.
#
#    Cpu mode             
#    Endian            =  little
#    Source file       =
#        C:\Users\81901\Desktop\job\es920lr\SDK\src\Application\KL16_SMAC_MQXLite\MQXLITE\psp\cortex_m\psp_supp.c
#    Command line      =
#        -f C:\Users\81901\AppData\Local\Temp\EW5E49.tmp
#        (C:\Users\81901\Desktop\job\es920lr\SDK\src\Application\KL16_SMAC_MQXLite\MQXLITE\psp\cortex_m\psp_supp.c
#        --preprocess=s
#        "C:\Users\81901\Desktop\job\es920lr\SDK\src\Application\KL16_SMAC_MQXLite\app\kl16z128_eslora
#        MQXLite\List" -lcN
#        "C:\Users\81901\Desktop\job\es920lr\SDK\src\Application\KL16_SMAC_MQXLite\app\kl16z128_eslora
#        MQXLite\List" -o
#        "C:\Users\81901\Desktop\job\es920lr\SDK\src\Application\KL16_SMAC_MQXLite\app\kl16z128_eslora
#        MQXLite\Obj" --no_cse --no_unroll --no_inline --no_code_motion
#        --no_tbaa --no_clustering --no_scheduling --debug --endian=little
#        --cpu=Cortex-M0+ -e --fpu=None --dlib_config "C:\Program Files
#        (x86)\IAR Systems\Embedded Workbench
#        8.4\arm\inc\c\DLib_Config_Normal.h" -I
#        C:\Users\81901\Desktop\job\es920lr\SDK\src\Application\KL16_SMAC_MQXLite\app\Interface\
#        -I
#        C:\Users\81901\Desktop\job\es920lr\SDK\src\Application\KL16_SMAC_MQXLite\app\Sources\
#        -I
#        C:\Users\81901\Desktop\job\es920lr\SDK\src\Application\KL16_SMAC_MQXLite\app\..\MQXLITE\include\
#        -I
#        C:\Users\81901\Desktop\job\es920lr\SDK\src\Application\KL16_SMAC_MQXLite\app\..\MQXLITE\config\
#        -I
#        C:\Users\81901\Desktop\job\es920lr\SDK\src\Application\KL16_SMAC_MQXLite\app\..\MQXLITE\psp\cortex_m\
#        -I
#        C:\Users\81901\Desktop\job\es920lr\SDK\src\Application\KL16_SMAC_MQXLite\app\..\MQXLITE\psp\cortex_m\compiler\iar\
#        -I
#        C:\Users\81901\Desktop\job\es920lr\SDK\src\Application\KL16_SMAC_MQXLite\app\..\drv\Generated_Code\
#        -I
#        C:\Users\81901\Desktop\job\es920lr\SDK\src\Application\KL16_SMAC_MQXLite\app\..\drv\PExSupport\Kinetis\
#        -I
#        C:\Users\81901\Desktop\job\es920lr\SDK\src\Application\KL16_SMAC_MQXLite\app\..\framework\OSAbstraction\MQXLite\Interface\
#        -I
#        C:\Users\81901\Desktop\job\es920lr\SDK\src\Application\KL16_SMAC_MQXLite\app\..\framework\RNG\Interface\
#        -I
#        C:\Users\81901\Desktop\job\es920lr\SDK\src\Application\KL16_SMAC_MQXLite\app\..\framework\Common\
#        -I
#        C:\Users\81901\Desktop\job\es920lr\SDK\src\Application\KL16_SMAC_MQXLite\app\..\framework\Utils\Lists\
#        -I
#        C:\Users\81901\Desktop\job\es920lr\SDK\src\Application\KL16_SMAC_MQXLite\app\..\framework\Utils\FunctionLib\
#        -I
#        C:\Users\81901\Desktop\job\es920lr\SDK\src\Application\KL16_SMAC_MQXLite\app\..\framework\Utils\SecLib\
#        -I
#        C:\Users\81901\Desktop\job\es920lr\SDK\src\Application\KL16_SMAC_MQXLite\app\..\framework\FSCI\Interface\
#        -I
#        C:\Users\81901\Desktop\job\es920lr\SDK\src\Application\KL16_SMAC_MQXLite\app\..\framework\FSCI\Source\
#        -I
#        C:\Users\81901\Desktop\job\es920lr\SDK\src\Application\KL16_SMAC_MQXLite\app\..\framework\Panic\Interface\
#        -I
#        C:\Users\81901\Desktop\job\es920lr\SDK\src\Application\KL16_SMAC_MQXLite\app\..\framework\SerialManager\Interface\
#        -I
#        C:\Users\81901\Desktop\job\es920lr\SDK\src\Application\KL16_SMAC_MQXLite\app\..\framework\MemManager\Interface\
#        -I
#        C:\Users\81901\Desktop\job\es920lr\SDK\src\Application\KL16_SMAC_MQXLite\app\..\framework\TimersManager\Interface\
#        -I
#        C:\Users\81901\Desktop\job\es920lr\SDK\src\Application\KL16_SMAC_MQXLite\app\..\framework\TimersManager\Source\
#        -I
#        C:\Users\81901\Desktop\job\es920lr\SDK\src\Application\KL16_SMAC_MQXLite\app\..\framework\Messaging\Interface\
#        -I
#        C:\Users\81901\Desktop\job\es920lr\SDK\src\Application\KL16_SMAC_MQXLite\app\..\framework\RNG\Interface\
#        -I
#        C:\Users\81901\Desktop\job\es920lr\SDK\src\Application\KL16_SMAC_MQXLite\app\..\framework\RNG\Source\
#        -I
#        C:\Users\81901\Desktop\job\es920lr\SDK\src\Application\KL16_SMAC_MQXLite\app\..\ieee_802_15_4\Phy\Interface\
#        -I
#        C:\Users\81901\Desktop\job\es920lr\SDK\src\Application\KL16_SMAC_MQXLite\app\..\ieee_802_15_4\SMAC\Interface\
#        -I
#        C:\Users\81901\Desktop\job\es920lr\SDK\src\Application\KL16_SMAC_MQXLite\app\..\drv\Portable\ADC\Interface\
#        -I
#        C:\Users\81901\Desktop\job\es920lr\SDK\src\Application\KL16_SMAC_MQXLite\app\..\drv\Portable\BME\Interface\
#        -I
#        C:\Users\81901\Desktop\job\es920lr\SDK\src\Application\KL16_SMAC_MQXLite\app\..\drv\Portable\Flash\Interface\
#        -I
#        C:\Users\81901\Desktop\job\es920lr\SDK\src\Application\KL16_SMAC_MQXLite\app\..\drv\Portable\I2C\Interface\
#        -I
#        C:\Users\81901\Desktop\job\es920lr\SDK\src\Application\KL16_SMAC_MQXLite\app\..\drv\Portable\LED\Interface\
#        -I
#        C:\Users\81901\Desktop\job\es920lr\SDK\src\Application\KL16_SMAC_MQXLite\app\..\drv\Portable\LLWU\Interface\
#        -I
#        C:\Users\81901\Desktop\job\es920lr\SDK\src\Application\KL16_SMAC_MQXLite\app\..\drv\Portable\LPTMR\Interface\
#        -I
#        C:\Users\81901\Desktop\job\es920lr\SDK\src\Application\KL16_SMAC_MQXLite\app\..\drv\Portable\SMC\Interface\
#        -I
#        C:\Users\81901\Desktop\job\es920lr\SDK\src\Application\KL16_SMAC_MQXLite\app\..\drv\Portable\MCG\Interface\
#        -I
#        C:\Users\81901\Desktop\job\es920lr\SDK\src\Application\KL16_SMAC_MQXLite\app\..\drv\Portable\Reset\
#        -On)
#    Locale            =  C
#    List file         =
#        C:\Users\81901\Desktop\job\es920lr\SDK\src\Application\KL16_SMAC_MQXLite\app\kl16z128_eslora
#        MQXLite\List\psp_supp.lst
#    Object file       =
#        C:\Users\81901\Desktop\job\es920lr\SDK\src\Application\KL16_SMAC_MQXLite\app\kl16z128_eslora
#        MQXLite\Obj\psp_supp.o
#    Runtime model:       
#      __SystemLibrary =  DLib
#      __dlib_version  =  6
#
###############################################################################

C:\Users\81901\Desktop\job\es920lr\SDK\src\Application\KL16_SMAC_MQXLite\MQXLITE\psp\cortex_m\psp_supp.c
      1          /**HEADER********************************************************************
      2          *
      3          * Copyright (c) 2010 Freescale Semiconductor
      4          * All Rights Reserved
      5          *
      6          ***************************************************************************
      7          *
      8          * THIS SOFTWARE IS PROVIDED BY FREESCALE "AS IS" AND ANY EXPRESSED OR
      9          * IMPLIED WARRANTIES, INCLUDING, BUT NOT LIMITED TO, THE IMPLIED WARRANTIES
     10          * OF MERCHANTABILITY AND FITNESS FOR A PARTICULAR PURPOSE ARE DISCLAIMED.
     11          * IN NO EVENT SHALL FREESCALE OR ITS CONTRIBUTORS BE LIABLE FOR ANY DIRECT,
     12          * INDIRECT, INCIDENTAL, SPECIAL, EXEMPLARY, OR CONSEQUENTIAL DAMAGES
     13          * (INCLUDING, BUT NOT LIMITED TO, PROCUREMENT OF SUBSTITUTE GOODS OR
     14          * SERVICES; LOSS OF USE, DATA, OR PROFITS; OR BUSINESS INTERRUPTION)
     15          * HOWEVER CAUSED AND ON ANY THEORY OF LIABILITY, WHETHER IN CONTRACT,
     16          * STRICT LIABILITY, OR TORT (INCLUDING NEGLIGENCE OR OTHERWISE) ARISING
     17          * IN ANY WAY OUT OF THE USE OF THIS SOFTWARE, EVEN IF ADVISED OF
     18          * THE POSSIBILITY OF SUCH DAMAGE.
     19          *
     20          **************************************************************************
     21          *
     22          * $FileName: psp_supp.c$
     23          * $Version : 3.8.10.0$
     24          * $Date    : Aug-30-2011$
     25          *
     26          * Comments:
     27          *   This file contains the support functions for byte/word and others
     28          *   manipulations.
     29          *
     30          *END************************************************************************/
     31          
     32          #include "mqx_inc.h"
     33          
     34          #ifdef __CODEWARRIOR__
     35          
     36          asm uint_16 _psp_swap2byte(uint_16 n) {
     37              rev16 r0, r0
     38              bx lr
     39          }
     40          
     41          asm uint_32 _psp_swap4byte(uint_32 n) {
     42              rev r0, r0
     43              bx lr
     44          }
     45          
     46          asm void __set_BASEPRI(uint_32 basePri) {
     47              msr basepri, r0
     48              bx lr
     49          }
     50          
     51          #if 0
     52          /*FUNCTION*-------------------------------------------------------------------
     53           *
     54           * Function Name    : _psp_swap2byte
     55           * Returned Value   : uint_16
     56           * Comments         : Swap 2 bytes
     57           *   ticks
     58           *
     59           *END*----------------------------------------------------------------------*/
     60          
     61          uint_16 _psp_swap2byte(uint_16 n)
     62          { /* Body */
     63              uchar temp[2];
     64          
     65              temp[1] = *((uchar *)&n);
     66              temp[0] = ((uchar *)&n)[1];
     67              return (*(uint_16 *)temp);
     68          } /* Endbody */
     69          
     70          /*FUNCTION*-------------------------------------------------------------------
     71           *
     72           * Function Name    : _psp_swap4byte
     73           * Returned Value   : uint_32
     74           * Comments         : Swap 4 bytes
     75           *   ticks
     76           *
     77           *END*----------------------------------------------------------------------*/
     78          
     79          uint_32 _psp_swap4byte(uint_32 n)
     80          { /* Body */
     81              uchar temp[4];
     82          
     83              temp[3] = *((uchar *)&n);
     84              temp[2] = ((uchar *)&n)[1];
     85              temp[1] = ((uchar *)&n)[2];
     86              temp[0] = ((uchar *)&n)[3];
     87              return (*(uint_32 *)temp);
     88          } /* Endbody */
     89          
     90          #endif
     91          
     92          #elif defined(__ICCARM__)
     93          
     94          /* IAR EWARM library contains all needed code */
     95          
     96          #else /* __CODEWARRIOR__, __ICCARM__ */
     97          
     98          /*FUNCTION*-------------------------------------------------------------------
     99           *
    100           * Function Name    : _psp_swap2byte
    101           * Returned Value   : uint_16
    102           * Comments         : Swap 2 bytes
    103           *   ticks
    104           *
    105           *END*----------------------------------------------------------------------*/
    106          
    107          uint_16 _psp_swap2byte(uint_16 n)
    108          { /* Body */
    109              uchar temp[2];
    110          
    111              temp[1] = *((uchar *)&n);
    112              temp[0] = ((uchar *)&n)[1];
    113              return (*(uint_16 *)temp);
    114          } /* Endbody */
    115          
    116          /*FUNCTION*-------------------------------------------------------------------
    117           *
    118           * Function Name    : _psp_swap4byte
    119           * Returned Value   : uint_32
    120           * Comments         : Swap 4 bytes
    121           *   ticks
    122           *
    123           *END*----------------------------------------------------------------------*/
    124          
    125          uint_32 _psp_swap4byte(uint_32 n)
    126          { /* Body */
    127              uchar temp[4];
    128          
    129              temp[3] = *((uchar *)&n);
    130              temp[2] = ((uchar *)&n)[1];
    131              temp[1] = ((uchar *)&n)[2];
    132              temp[0] = ((uchar *)&n)[3];
    133              return (*(uint_32 *)temp);
    134          } /* Endbody */
    135          
    136          #endif /* __CODE_WARRIOR__, __ICCARM__ */


 
 
 0 bytes of memory

Errors: none
Warnings: none
