###############################################################################
#
# IAR ANSI C/C++ Compiler V8.50.1.245/W32 for ARM         14/May/2020  16:51:03
# Copyright 1999-2020 IAR Systems AB.
#
#    Cpu mode             
#    Endian            =  little
#    Source file       =
#        C:\Users\81901\Desktop\job\es920lr\SDK\src\Application\KL16_SMAC_MQXLite\MQXLITE\config\task_template_list.c
#    Command line      =
#        -f C:\Users\81901\AppData\Local\Temp\EW64DA.tmp
#        (C:\Users\81901\Desktop\job\es920lr\SDK\src\Application\KL16_SMAC_MQXLite\MQXLITE\config\task_template_list.c
#        --preprocess=s
#        "C:\Users\81901\Desktop\job\es920lr\SDK\src\Application\KL16_SMAC_MQXLite\app\kl16z128_eslora
#        MQXLite\List" -lcN
#        "C:\Users\81901\Desktop\job\es920lr\SDK\src\Application\KL16_SMAC_MQXLite\app\kl16z128_eslora
#        MQXLite\List" -o
#        "C:\Users\81901\Desktop\job\es920lr\SDK\src\Application\KL16_SMAC_MQXLite\app\kl16z128_eslora
#        MQXLite\Obj" --no_cse --no_unroll --no_inline --no_code_motion
#        --no_tbaa --no_clustering --no_scheduling --debug --endian=little
#        --cpu=Cortex-M0+ -e --fpu=None --dlib_config "C:\Program Files
#        (x86)\IAR Systems\Embedded Workbench
#        8.4\arm\inc\c\DLib_Config_Normal.h" -I
#        C:\Users\81901\Desktop\job\es920lr\SDK\src\Application\KL16_SMAC_MQXLite\app\Interface\
#        -I
#        C:\Users\81901\Desktop\job\es920lr\SDK\src\Application\KL16_SMAC_MQXLite\app\Sources\
#        -I
#        C:\Users\81901\Desktop\job\es920lr\SDK\src\Application\KL16_SMAC_MQXLite\app\..\MQXLITE\include\
#        -I
#        C:\Users\81901\Desktop\job\es920lr\SDK\src\Application\KL16_SMAC_MQXLite\app\..\MQXLITE\config\
#        -I
#        C:\Users\81901\Desktop\job\es920lr\SDK\src\Application\KL16_SMAC_MQXLite\app\..\MQXLITE\psp\cortex_m\
#        -I
#        C:\Users\81901\Desktop\job\es920lr\SDK\src\Application\KL16_SMAC_MQXLite\app\..\MQXLITE\psp\cortex_m\compiler\iar\
#        -I
#        C:\Users\81901\Desktop\job\es920lr\SDK\src\Application\KL16_SMAC_MQXLite\app\..\drv\Generated_Code\
#        -I
#        C:\Users\81901\Desktop\job\es920lr\SDK\src\Application\KL16_SMAC_MQXLite\app\..\drv\PExSupport\Kinetis\
#        -I
#        C:\Users\81901\Desktop\job\es920lr\SDK\src\Application\KL16_SMAC_MQXLite\app\..\framework\OSAbstraction\MQXLite\Interface\
#        -I
#        C:\Users\81901\Desktop\job\es920lr\SDK\src\Application\KL16_SMAC_MQXLite\app\..\framework\RNG\Interface\
#        -I
#        C:\Users\81901\Desktop\job\es920lr\SDK\src\Application\KL16_SMAC_MQXLite\app\..\framework\Common\
#        -I
#        C:\Users\81901\Desktop\job\es920lr\SDK\src\Application\KL16_SMAC_MQXLite\app\..\framework\Utils\Lists\
#        -I
#        C:\Users\81901\Desktop\job\es920lr\SDK\src\Application\KL16_SMAC_MQXLite\app\..\framework\Utils\FunctionLib\
#        -I
#        C:\Users\81901\Desktop\job\es920lr\SDK\src\Application\KL16_SMAC_MQXLite\app\..\framework\Utils\SecLib\
#        -I
#        C:\Users\81901\Desktop\job\es920lr\SDK\src\Application\KL16_SMAC_MQXLite\app\..\framework\FSCI\Interface\
#        -I
#        C:\Users\81901\Desktop\job\es920lr\SDK\src\Application\KL16_SMAC_MQXLite\app\..\framework\FSCI\Source\
#        -I
#        C:\Users\81901\Desktop\job\es920lr\SDK\src\Application\KL16_SMAC_MQXLite\app\..\framework\Panic\Interface\
#        -I
#        C:\Users\81901\Desktop\job\es920lr\SDK\src\Application\KL16_SMAC_MQXLite\app\..\framework\SerialManager\Interface\
#        -I
#        C:\Users\81901\Desktop\job\es920lr\SDK\src\Application\KL16_SMAC_MQXLite\app\..\framework\MemManager\Interface\
#        -I
#        C:\Users\81901\Desktop\job\es920lr\SDK\src\Application\KL16_SMAC_MQXLite\app\..\framework\TimersManager\Interface\
#        -I
#        C:\Users\81901\Desktop\job\es920lr\SDK\src\Application\KL16_SMAC_MQXLite\app\..\framework\TimersManager\Source\
#        -I
#        C:\Users\81901\Desktop\job\es920lr\SDK\src\Application\KL16_SMAC_MQXLite\app\..\framework\Messaging\Interface\
#        -I
#        C:\Users\81901\Desktop\job\es920lr\SDK\src\Application\KL16_SMAC_MQXLite\app\..\framework\RNG\Interface\
#        -I
#        C:\Users\81901\Desktop\job\es920lr\SDK\src\Application\KL16_SMAC_MQXLite\app\..\framework\RNG\Source\
#        -I
#        C:\Users\81901\Desktop\job\es920lr\SDK\src\Application\KL16_SMAC_MQXLite\app\..\ieee_802_15_4\Phy\Interface\
#        -I
#        C:\Users\81901\Desktop\job\es920lr\SDK\src\Application\KL16_SMAC_MQXLite\app\..\ieee_802_15_4\SMAC\Interface\
#        -I
#        C:\Users\81901\Desktop\job\es920lr\SDK\src\Application\KL16_SMAC_MQXLite\app\..\drv\Portable\ADC\Interface\
#        -I
#        C:\Users\81901\Desktop\job\es920lr\SDK\src\Application\KL16_SMAC_MQXLite\app\..\drv\Portable\BME\Interface\
#        -I
#        C:\Users\81901\Desktop\job\es920lr\SDK\src\Application\KL16_SMAC_MQXLite\app\..\drv\Portable\Flash\Interface\
#        -I
#        C:\Users\81901\Desktop\job\es920lr\SDK\src\Application\KL16_SMAC_MQXLite\app\..\drv\Portable\I2C\Interface\
#        -I
#        C:\Users\81901\Desktop\job\es920lr\SDK\src\Application\KL16_SMAC_MQXLite\app\..\drv\Portable\LED\Interface\
#        -I
#        C:\Users\81901\Desktop\job\es920lr\SDK\src\Application\KL16_SMAC_MQXLite\app\..\drv\Portable\LLWU\Interface\
#        -I
#        C:\Users\81901\Desktop\job\es920lr\SDK\src\Application\KL16_SMAC_MQXLite\app\..\drv\Portable\LPTMR\Interface\
#        -I
#        C:\Users\81901\Desktop\job\es920lr\SDK\src\Application\KL16_SMAC_MQXLite\app\..\drv\Portable\SMC\Interface\
#        -I
#        C:\Users\81901\Desktop\job\es920lr\SDK\src\Application\KL16_SMAC_MQXLite\app\..\drv\Portable\MCG\Interface\
#        -I
#        C:\Users\81901\Desktop\job\es920lr\SDK\src\Application\KL16_SMAC_MQXLite\app\..\drv\Portable\Reset\
#        -On)
#    Locale            =  C
#    List file         =
#        C:\Users\81901\Desktop\job\es920lr\SDK\src\Application\KL16_SMAC_MQXLite\app\kl16z128_eslora
#        MQXLite\List\task_template_list.lst
#    Object file       =
#        C:\Users\81901\Desktop\job\es920lr\SDK\src\Application\KL16_SMAC_MQXLite\app\kl16z128_eslora
#        MQXLite\Obj\task_template_list.o
#    Runtime model:       
#      __SystemLibrary =  DLib
#      __dlib_version  =  6
#
###############################################################################

C:\Users\81901\Desktop\job\es920lr\SDK\src\Application\KL16_SMAC_MQXLite\MQXLITE\config\task_template_list.c
      1          /** ###################################################################
      2          **     THIS COMPONENT MODULE IS GENERATED BY THE TOOL. DO NOT MODIFY IT.
      3          **     Filename    : task_template_list.c
      4          **     Project     : ProcessorExpert
      5          **     Processor   : MKL26Z128VLL4
      6          **     Version     : Component 01.106, Driver 01.00, CPU db: 3.00.000
      7          **     Compiler    : IAR ARM C Compiler
      8          **     Date/Time   : 2014-09-30, 11:38, # CodeGen: 148
      9          **
     10          **     Copyright : 1997 - 2013 Freescale Semiconductor, Inc. All Rights Reserved.
     11          **     SOURCE DISTRIBUTION PERMISSIBLE as directed in End User License Agreement.
     12          **
     13          **     http      : www.freescale.com
     14          **     mail      : support@freescale.com
     15          ** ###################################################################*/
     16          /*!
     17          ** @file task_template_list.c
     18          ** @version 01.00
     19          */
     20          /*!
     21          **  @addtogroup task_template_list_module task_template_list module documentation
     22          **  @{
     23          */
     24          
     25          #include "task_template_list.h"
     26          #include "mqx_tasks.h"
     27          
     28          #define TASK_TEMPLATE_LIST_END         {0, 0, 0, 0, 0, 0, 0}
     29          
     30          /* MQX task template list */
     31          const TASK_TEMPLATE_STRUCT MQX_template_list[] =
     32          {
     33            /* Task: main */
     34            {
     35            /* Task number                      */  MAIN_TASK,
     36            /* Entry point                      */  (TASK_FPTR)PExTask,
     37            /* Stack size                       */  MAIN_TASK_STACK_SIZE,
     38            /* Task priority                    */  20U,
     39            /* Task name                        */  "main",
     40            /* Task attributes                  */  (MQX_AUTO_START_TASK),
     41            /* Task parameter                   */  (uint32_t)(0)
     42            },
     43            TASK_TEMPLATE_LIST_END
     44          };
     45          
     46          /*!
     47          ** @}
     48          */
     49          /*
     50          ** ###################################################################
     51          **
     52          **     This file was created by Processor Expert 10.3 [05.09]
     53          **     for the Freescale Kinetis series of microcontrollers.
     54          **
     55          ** ###################################################################
     56          */


   Section sizes:

   Bytes  Function/Label
   -----  --------------
       8  ?_0
      56  MQX_template_list

 
 64 bytes in section .rodata
 
 64 bytes of CONST memory

Errors: none
Warnings: none
